Change Component Footprint: Designator=C1 Old Footprint=CAPC2012X95N New Footprint=CAPC0603X33N
Change Component Footprint: Designator=C2 Old Footprint=CAPC2012X95N New Footprint=CAPC0603X33N
Change Component Footprint: Designator=C3 Old Footprint=CAPC2012X95N New Footprint=CAPC0603X33N
Change Component Footprint: Designator=C4 Old Footprint=CAPC2012X95N New Footprint=CAPC0603X33N
Change Component Footprint: Designator=C5 Old Footprint=CAPC2012X95N New Footprint=CAPC0603X33N
Change Component Footprint: Designator=C6 Old Footprint=CAPC2012X95N New Footprint=CAPC0603X33N
Change Component Footprint: Designator=C7 Old Footprint=CAPC2012X95N New Footprint=CAPC0603X33N
Change Component Footprint: Designator=C8 Old Footprint=CAPC2012X95N New Footprint=CAPC0603X33N
Change Component Footprint: Designator=C9 Old Footprint=CAPC2012X95N New Footprint=CAPC0603X33N
Change Component Footprint: Designator=C10 Old Footprint=CAPC2012X95N New Footprint=CAPC0603X33N
Change Component Footprint: Designator=C11 Old Footprint=CAPC2012X95N New Footprint=CAPC0603X33N
Change Component Footprint: Designator=C12 Old Footprint=CAPC2012X95N New Footprint=CAPC0603X33N
Change Component Footprint: Designator=C13 Old Footprint=CAPC2012X95N New Footprint=CAPC0603X33N
Change Component Footprint: Designator=C14 Old Footprint=CAPC2012X95N New Footprint=CAPC0603X33N
Change Component Footprint: Designator=C15 Old Footprint=CAPC2012X95N New Footprint=CAPC0603X33N
Change Component Footprint: Designator=C16 Old Footprint=CAPC2012X95N New Footprint=CAPC0603X33N
Change Component Footprint: Designator=C17 Old Footprint=CAPC2012X95N New Footprint=CAPC0603X33N
Change Component Footprint: Designator=C18 Old Footprint=CAPC2012X95N New Footprint=CAPC0603X33N
Change Component Footprint: Designator=C19 Old Footprint=CAPC2012X95N New Footprint=CAPC0603X33N
Change Component Comment : Designator=C12 Old Comment=1uF/10V New Comment=1uF
Change Component Comment : Designator=C14 Old Comment=1uF/10V New Comment=1uF
Change Component Comment : Designator=C4 Old Comment=2.2uF/6.3V New Comment=1uF
Change Component Comment : Designator=C7 Old Comment=2.2uF/6.3V New Comment=1uF
Change Component Comment : Designator=C8 Old Comment=2.2uF/6.3V New Comment=1uF
Change Component Comment : Designator=C9 Old Comment=2.2uF/6.3V New Comment=1uF
Change Component Comment : Designator=C10 Old Comment=2.2uF/6.3V New Comment=1uF
Change Component Comment : Designator=C18 Old Comment=2.2uF/6.3V New Comment=1uF
Change Component Comment : Designator=C19 Old Comment=2.2uF/6.3V New Comment=1uF
Change Component Comment : Designator=C13 Old Comment=2.2uF/10V New Comment=1uF
Change Component Comment : Designator=C15 Old Comment=2.2uF/10V New Comment=1uF
Change Component Comment : Designator=C16 Old Comment=2.2uF/10V New Comment=1uF
Change Component Comment : Designator=C17 Old Comment=2.2uF/10V New Comment=1uF
Change Component Comment : Designator=C11 Old Comment=22nF/6.3V New Comment=1uF
