Added Component: Designator=J2(FFC-SMD_6P-P0.50_FH34SRJ-6S-0.5SH)
Added Pin To Net: NetName=GND Pin=F1-43
Added Pin To Net: NetName=GND Pin=F1-44
Added Pin To Net: NetName=GND Pin=F1-45
Added Pin To Net: NetName=GND Pin=F1-47
Added Pin To Net: NetName=GND Pin=F1-48
Added Pin To Net: NetName=GND Pin=F1-49
Added Pin To Net: NetName=GND Pin=F1-58
Added Pin To Net: NetName=GND Pin=J1-7
Added Pin To Net: NetName=GND Pin=J1-9
Added Pin To Net: NetName=GND Pin=J1-10
Added Pin To Net: NetName=GND Pin=J1-11
Added Pin To Net: NetName=GND Pin=J1-12
Added Pin To Net: NetName=GND Pin=J1-13
Added Pin To Net: NetName=GND Pin=J1-14
Added Pin To Net: NetName=GND Pin=J1-15
Added Pin To Net: NetName=GND Pin=J1-18
Added Pin To Net: NetName=GND Pin=J1-21
Added Pin To Net: NetName=GND Pin=J2-6
Added Pin To Net: NetName=GND Pin=J2-7
Added Pin To Net: NetName=GND Pin=J2-8
Change Net Name : Old Net Name=GND New Net Name=QSPI_CSX
Added Pin To Net: NetName=TP_INT Pin=J1-3
Added Pin To Net: NetName=TP_INT Pin=J2-5
Added Net: Name=TP_INT
Added Pin To Net: NetName=TP_RESET Pin=J1-6
Added Pin To Net: NetName=TP_RESET Pin=J2-2
Added Net: Name=TP_RESET
Added Pin To Net: NetName=TP_SCL Pin=J1-5
Added Pin To Net: NetName=TP_SCL Pin=J2-3
Added Net: Name=TP_SCL
Added Pin To Net: NetName=TP_SDA Pin=J1-4
Added Pin To Net: NetName=TP_SDA Pin=J2-4
Added Net: Name=TP_SDA
Added Pin To Net: NetName=TP_VDD Pin=J1-2
Added Pin To Net: NetName=TP_VDD Pin=J2-1
Added Net: Name=TP_VDD
Added Member To Class: ClassName=COF Member=Component J2 OK-F401-06125
Added Rule: Name=Schematic Supply Nets_1
